SF:lib\database_helper.dart
DA:9,3
DA:12,1
DA:13,1
DA:16,1
DA:19,1
DA:20,2
DA:26,1
DA:28,0
DA:33,0
DA:34,0
DA:35,0
DA:38,0
DA:39,0
DA:44,1
DA:45,1
DA:46,1
DA:50,1
DA:51,1
DA:53,1
DA:58,1
DA:60,1
DA:69,1
DA:80,1
DA:89,1
DA:90,1
DA:91,1
DA:93,1
DA:94,2
DA:101,1
DA:102,1
DA:104,1
DA:105,2
DA:116,1
DA:117,1
DA:118,2
DA:122,1
DA:123,1
DA:124,1
DA:126,3
DA:127,2
DA:128,1
DA:129,1
DA:135,1
DA:136,1
DA:137,1
DA:140,1
DA:145,1
DA:146,1
DA:147,1
DA:148,1
DA:149,1
DA:151,0
DA:161,1
DA:163,1
DA:164,1
DA:166,1
DA:173,1
DA:178,1
DA:179,1
DA:181,1
DA:182,1
DA:183,1
DA:184,2
DA:185,2
DA:188,0
DA:196,1
DA:197,1
DA:198,1
DA:200,1
DA:202,1
DA:206,1
DA:208,1
DA:210,2
DA:211,1
DA:215,0
DA:216,0
LF:76
LH:66
end_of_record
SF:lib\describe_environment.dart
DA:13,1
DA:16,1
DA:17,2
DA:19,0
DA:20,0
DA:21,0
DA:22,0
DA:23,0
DA:26,0
DA:27,0
DA:28,0
DA:34,1
DA:36,1
DA:37,1
DA:40,1
DA:41,1
DA:42,2
DA:49,0
DA:51,0
DA:53,0
DA:54,0
DA:55,0
LF:22
LH:9
end_of_record
SF:lib\picture_service.dart
DA:12,0
DA:13,0
DA:16,0
DA:18,0
DA:23,0
DA:24,0
DA:38,1
DA:44,1
DA:45,1
DA:46,1
DA:47,1
DA:48,0
DA:51,0
DA:53,0
DA:54,0
DA:56,0
DA:60,1
DA:62,2
DA:63,1
DA:65,2
DA:66,1
DA:70,1
DA:71,1
DA:72,2
DA:73,1
DA:77,1
DA:78,1
DA:79,2
DA:85,0
DA:91,0
DA:92,0
DA:95,0
DA:99,0
DA:101,1
DA:102,1
DA:103,1
DA:104,1
DA:105,1
DA:106,1
DA:107,2
DA:109,2
DA:111,6
DA:115,2
DA:118,4
DA:125,1
DA:130,1
DA:131,3
DA:134,2
DA:135,2
DA:137,1
DA:139,2
DA:140,1
DA:141,1
DA:142,1
DA:144,2
DA:145,2
DA:146,1
DA:147,1
DA:151,1
DA:153,1
DA:154,1
DA:156,1
DA:158,0
DA:159,1
DA:161,1
DA:163,0
LF:66
LH:48
end_of_record
SF:lib\tts_service.dart
DA:14,1
DA:15,1
DA:16,2
DA:19,1
DA:20,1
DA:23,1
DA:25,2
DA:26,0
DA:29,2
DA:30,0
DA:33,2
DA:34,0
DA:37,1
DA:38,1
DA:41,1
DA:42,2
DA:43,4
DA:44,5
DA:45,5
DA:46,5
DA:48,1
DA:49,5
DA:51,1
DA:54,1
DA:56,2
DA:58,1
DA:59,2
DA:60,2
DA:61,1
DA:62,3
DA:64,0
DA:68,1
DA:70,1
DA:71,3
DA:72,3
DA:73,3
DA:76,1
DA:77,3
DA:78,3
DA:79,3
DA:80,3
DA:83,1
DA:84,2
DA:85,2
DA:88,3
DA:89,3
DA:91,2
DA:92,2
DA:95,1
DA:97,2
DA:100,2
DA:101,2
DA:102,1
DA:103,1
DA:105,2
LF:55
LH:51
end_of_record
SF:lib\risk_detection.dart
DA:12,1
DA:19,1
DA:20,1
DA:28,1
DA:30,2
DA:31,3
DA:32,1
DA:35,1
DA:36,2
DA:37,1
DA:38,2
DA:40,0
DA:41,0
DA:45,4
DA:48,1
DA:49,2
DA:50,1
DA:51,2
DA:53,4
DA:56,0
DA:57,0
DA:60,0
DA:61,0
DA:62,0
DA:63,0
DA:69,1
DA:71,3
DA:72,0
DA:75,1
DA:76,1
DA:77,1
DA:78,2
DA:79,0
DA:81,0
DA:83,1
DA:84,1
DA:85,1
DA:86,1
DA:88,1
DA:89,1
DA:90,1
DA:92,1
DA:93,1
DA:94,1
DA:96,1
DA:98,1
DA:99,1
DA:100,1
DA:102,1
DA:104,1
LF:50
LH:39
end_of_record
