SF:lib\features\map_widget.dart
DA:10,2
DA:12,1
DA:13,1
DA:20,1
DA:22,1
DA:26,1
DA:28,1
DA:30,4
DA:33,0
DA:34,0
DA:36,0
DA:38,0
DA:40,0
DA:42,0
DA:43,0
DA:48,0
DA:49,0
DA:50,0
DA:52,0
DA:53,0
DA:54,0
DA:55,0
DA:61,0
DA:62,0
DA:63,0
DA:64,0
DA:65,0
DA:66,0
DA:68,0
DA:70,0
DA:76,1
DA:77,3
DA:78,1
DA:79,1
DA:80,1
DA:81,1
DA:83,1
DA:84,1
DA:93,1
DA:95,0
DA:99,0
DA:100,0
DA:102,0
DA:109,1
DA:111,1
DA:112,1
DA:114,3
DA:115,1
DA:116,1
DA:117,1
DA:119,1
DA:124,1
DA:125,1
DA:126,1
DA:129,1
DA:132,1
DA:133,1
DA:134,1
DA:135,2
DA:136,2
DA:140,1
DA:142,1
DA:144,1
DA:150,1
DA:151,0
DA:152,0
DA:154,0
DA:156,1
DA:158,1
DA:159,2
DA:160,2
LF:71
LH:42
end_of_record
SF:lib\features\describe_environment.dart
DA:10,2
DA:12,2
DA:13,2
DA:17,2
DA:19,2
DA:22,1
DA:23,2
DA:24,2
DA:25,3
DA:27,1
DA:29,5
DA:30,1
DA:31,1
DA:32,3
DA:33,3
DA:36,1
DA:37,3
DA:38,3
DA:44,2
DA:46,2
DA:48,2
DA:51,2
DA:52,2
DA:53,4
DA:54,2
DA:55,2
LF:26
LH:26
end_of_record
SF:lib\features\money_identifier.dart
DA:12,2
DA:14,1
DA:15,1
DA:22,1
DA:24,1
DA:27,1
DA:29,1
DA:32,1
DA:33,1
DA:37,1
DA:39,2
DA:40,1
DA:43,0
DA:44,0
DA:47,1
DA:48,2
DA:51,5
DA:52,2
DA:53,0
DA:57,0
DA:58,0
DA:59,0
DA:60,0
DA:62,0
DA:64,0
DA:65,0
DA:66,0
DA:68,0
DA:69,0
DA:70,0
DA:72,0
DA:73,0
DA:79,1
DA:81,1
DA:83,1
DA:87,1
DA:88,1
DA:89,2
DA:90,2
DA:91,0
DA:93,0
LF:41
LH:23
end_of_record
SF:lib\features\ocr_widget.dart
DA:10,2
DA:12,1
DA:13,1
DA:17,1
DA:18,2
DA:19,2
DA:20,3
DA:22,1
DA:24,5
DA:25,1
DA:26,1
DA:27,3
DA:28,3
DA:31,1
DA:32,3
DA:33,3
DA:39,1
DA:41,1
DA:43,1
DA:46,1
DA:47,1
DA:48,2
DA:49,1
DA:50,2
LF:24
LH:24
end_of_record
SF:lib\features\risk_detection.dart
DA:13,2
DA:15,2
DA:16,2
DA:24,2
DA:26,2
DA:27,4
DA:29,3
DA:30,1
DA:31,4
DA:32,0
DA:36,1
DA:37,2
DA:39,2
DA:40,1
DA:41,2
DA:43,2
DA:47,5
DA:50,1
DA:51,2
DA:53,2
DA:54,1
DA:55,2
DA:58,5
DA:61,1
DA:62,2
DA:63,2
DA:65,5
DA:67,1
DA:70,0
DA:71,0
DA:73,0
DA:74,0
DA:75,0
DA:81,2
DA:83,3
DA:84,2
DA:87,2
DA:89,2
DA:90,2
DA:91,4
DA:92,1
DA:94,4
DA:96,2
DA:97,2
DA:98,2
DA:99,2
DA:101,2
DA:102,2
DA:103,2
DA:105,2
DA:107,2
DA:109,2
DA:112,2
DA:114,2
DA:115,2
DA:116,1
DA:118,1
DA:120,1
LF:58
LH:52
end_of_record
SF:lib\features\grid_menu.dart
DA:17,3
DA:19,2
DA:20,2
DA:30,2
DA:32,2
DA:35,2
DA:37,2
DA:41,1
DA:42,1
DA:45,2
DA:47,0
DA:49,1
DA:50,0
DA:53,3
DA:54,2
DA:55,1
DA:58,3
DA:61,1
DA:63,1
DA:64,0
DA:66,0
DA:74,1
DA:79,1
DA:80,1
DA:81,1
DA:82,3
DA:84,1
DA:86,1
DA:87,1
DA:93,1
DA:95,0
DA:96,0
DA:103,1
DA:104,1
DA:105,3
DA:106,2
DA:107,3
DA:108,3
DA:109,1
DA:110,1
DA:112,3
DA:113,2
DA:114,3
DA:115,2
DA:118,1
DA:122,1
DA:123,2
DA:124,1
DA:125,2
DA:137,2
DA:139,2
DA:140,2
DA:142,2
DA:143,0
DA:146,2
DA:148,0
DA:150,0
DA:153,0
DA:158,0
DA:160,0
DA:164,2
DA:168,0
DA:171,0
DA:176,0
DA:179,0
DA:186,0
DA:188,0
DA:192,0
DA:193,0
DA:196,0
DA:201,4
DA:202,0
DA:203,0
DA:205,0
DA:207,0
DA:208,0
DA:209,0
DA:211,0
DA:212,0
DA:213,0
DA:215,0
DA:216,0
DA:218,0
DA:219,0
DA:221,0
DA:222,0
DA:223,0
DA:232,2
DA:233,2
DA:235,4
DA:238,2
DA:239,4
DA:242,2
DA:243,4
DA:246,2
DA:247,4
DA:253,2
DA:255,6
DA:256,4
DA:257,2
DA:259,2
DA:261,2
DA:262,1
DA:263,1
DA:265,0
DA:266,0
DA:267,0
DA:269,2
DA:271,2
DA:272,2
DA:274,2
DA:275,6
LF:112
LH:72
end_of_record
SF:lib\features\voice_commands.dart
DA:30,1
DA:32,0
DA:34,2
DA:36,1
DA:37,1
DA:38,1
DA:40,1
DA:41,2
DA:42,0
DA:45,2
DA:51,4
DA:52,2
DA:55,0
DA:66,0
DA:67,0
DA:68,0
DA:69,0
DA:71,0
DA:72,0
DA:73,0
DA:76,1
DA:77,3
DA:78,2
DA:79,1
DA:81,1
DA:82,1
DA:83,1
DA:84,3
DA:85,2
DA:86,5
DA:92,1
DA:94,2
DA:95,1
DA:96,6
DA:99,1
DA:100,4
DA:101,2
DA:102,1
DA:104,1
DA:105,1
DA:106,2
DA:107,1
DA:111,1
DA:112,3
DA:115,1
DA:116,2
DA:117,1
DA:118,0
DA:119,0
DA:120,1
DA:121,0
DA:122,0
DA:123,0
DA:124,0
DA:125,0
DA:127,1
DA:131,1
DA:132,1
DA:133,2
DA:134,1
DA:135,1
DA:136,2
DA:137,1
DA:140,0
DA:141,0
DA:142,0
DA:143,0
DA:147,1
DA:148,1
DA:149,0
DA:153,1
DA:154,4
DA:157,1
DA:158,3
DA:161,1
DA:162,3
DA:165,1
DA:166,2
DA:171,3
DA:172,3
DA:174,1
DA:175,0
DA:176,1
DA:179,1
DA:181,0
DA:182,0
DA:185,1
DA:187,0
DA:188,0
DA:189,0
DA:190,0
DA:194,1
DA:195,0
DA:198,1
DA:199,1
DA:202,1
DA:204,0
DA:205,0
DA:207,0
DA:208,0
DA:211,1
DA:212,0
DA:215,1
DA:216,0
DA:218,1
DA:220,0
DA:221,0
DA:224,1
DA:226,0
DA:227,0
DA:239,1
DA:241,1
DA:242,1
DA:246,1
DA:247,1
DA:248,1
DA:249,1
DA:250,3
DA:257,1
DA:258,1
DA:259,1
DA:262,2
DA:263,2
DA:264,1
DA:266,5
DA:267,3
DA:268,1
DA:277,1
DA:278,1
DA:279,1
DA:280,5
DA:282,2
DA:283,2
DA:284,1
DA:285,2
DA:286,1
DA:287,2
DA:288,5
DA:289,6
DA:291,3
DA:292,11
DA:293,3
DA:298,2
LF:143
LH:103
end_of_record
SF:lib\services\tts\tts_service_google.dart
DA:22,1
DA:26,0
DA:27,0
DA:28,1
DA:29,1
DA:30,1
DA:33,1
DA:35,1
DA:38,1
DA:39,2
DA:40,2
DA:41,2
DA:42,4
DA:45,1
DA:48,1
DA:49,1
DA:50,4
DA:53,1
DA:55,1
DA:56,2
DA:59,1
DA:60,3
DA:63,1
DA:65,4
DA:66,1
DA:67,1
DA:69,1
DA:70,1
DA:71,1
DA:74,2
DA:75,2
DA:79,2
DA:80,1
DA:82,2
DA:83,1
DA:84,1
DA:85,1
DA:91,2
DA:92,0
DA:95,3
DA:98,0
DA:100,0
DA:102,0
DA:105,0
DA:107,0
DA:108,0
DA:109,0
DA:110,0
DA:113,0
DA:114,0
DA:115,0
DA:116,0
DA:120,0
DA:121,0
DA:122,0
DA:124,0
DA:125,0
DA:126,0
DA:128,0
DA:130,0
DA:133,0
LF:61
LH:37
end_of_record
SF:lib\services\stt\stt_service.dart
DA:9,1
DA:10,0
DA:12,0
DA:14,0
DA:16,0
DA:20,1
DA:22,1
DA:23,1
DA:24,3
DA:25,1
DA:26,3
DA:29,1
DA:32,1
DA:34,1
DA:35,2
DA:36,1
DA:39,1
DA:40,1
DA:41,1
DA:43,1
DA:44,2
DA:48,1
DA:49,2
DA:50,0
LF:24
LH:19
end_of_record
SF:lib\shared\database_helper.dart
DA:11,3
DA:14,1
DA:15,1
DA:18,1
DA:21,1
DA:22,2
DA:28,1
DA:30,1
DA:35,1
DA:36,2
DA:37,1
DA:40,1
DA:41,1
DA:46,1
DA:47,1
DA:48,1
DA:52,1
DA:53,1
DA:55,1
DA:60,1
DA:62,1
DA:71,1
DA:82,1
DA:91,1
DA:101,1
DA:102,1
DA:103,1
DA:105,1
DA:106,2
DA:113,1
DA:114,1
DA:116,1
DA:117,2
DA:128,1
DA:129,1
DA:130,2
DA:131,3
DA:135,1
DA:136,1
DA:137,1
DA:138,2
DA:139,1
DA:140,1
DA:141,1
DA:143,1
DA:149,1
DA:150,1
DA:151,1
DA:154,1
DA:159,1
DA:160,1
DA:161,1
DA:162,1
DA:163,1
DA:165,0
DA:175,1
DA:177,1
DA:178,1
DA:180,1
DA:187,1
DA:192,1
DA:193,1
DA:196,1
DA:197,1
DA:198,1
DA:199,2
DA:200,2
DA:203,0
DA:209,0
DA:210,0
DA:218,1
DA:219,1
DA:220,1
DA:222,1
DA:224,1
DA:229,1
DA:230,1
DA:231,1
DA:233,1
DA:235,3
DA:238,1
DA:239,1
DA:240,1
DA:242,1
DA:246,1
DA:247,1
DA:249,2
DA:250,0
DA:251,1
DA:252,2
DA:253,0
DA:254,1
DA:255,1
DA:261,1
DA:263,1
DA:265,2
DA:266,1
DA:270,1
DA:273,0
DA:274,0
LF:100
LH:92
end_of_record
SF:lib\services\picture_service.dart
DA:12,0
DA:13,0
DA:16,0
DA:18,0
DA:23,0
DA:24,0
DA:38,1
DA:44,1
DA:45,1
DA:46,1
DA:47,1
DA:48,0
DA:51,0
DA:53,0
DA:54,0
DA:56,0
DA:60,1
DA:62,2
DA:63,1
DA:64,1
DA:66,2
DA:67,1
DA:68,1
DA:72,1
DA:73,1
DA:75,2
DA:77,0
DA:79,1
DA:80,1
DA:85,1
DA:86,1
DA:87,2
DA:93,0
DA:100,0
DA:101,0
DA:104,0
DA:108,0
DA:110,1
DA:111,1
DA:112,1
DA:113,1
DA:114,1
DA:115,1
DA:116,2
DA:118,2
DA:120,6
DA:124,2
DA:127,4
DA:134,1
DA:140,1
DA:141,3
DA:144,2
DA:145,2
DA:146,0
DA:148,1
DA:150,1
DA:151,1
DA:152,1
DA:153,1
DA:155,2
DA:156,2
DA:157,1
DA:158,1
DA:162,1
DA:164,1
DA:167,1
DA:168,1
DA:170,0
DA:171,0
DA:174,1
DA:176,0
DA:177,1
DA:179,1
DA:181,0
LF:74
LH:52
end_of_record
SF:lib\app_initializer.dart
DA:23,0
DA:38,1
DA:39,1
DA:43,1
DA:44,2
DA:47,2
DA:50,1
DA:51,0
DA:52,0
DA:53,0
DA:54,0
DA:55,0
DA:60,1
DA:63,1
DA:64,2
DA:67,1
DA:69,1
DA:71,1
DA:72,2
DA:75,1
DA:76,3
DA:78,1
DA:80,0
DA:81,0
DA:85,1
DA:86,5
DA:87,0
DA:89,1
DA:90,2
DA:91,4
DA:92,3
DA:94,1
DA:95,3
DA:98,1
DA:99,2
DA:103,1
DA:104,6
DA:105,0
DA:107,1
DA:108,2
DA:109,1
DA:110,1
DA:112,3
DA:115,2
DA:121,0
DA:123,0
DA:124,0
DA:125,0
LF:48
LH:34
end_of_record
SF:lib\services\l10n.dart
DA:9,4
DA:11,5
DA:12,5
DA:20,2
DA:22,10
DA:23,2
DA:25,6
DA:26,4
DA:32,2
DA:33,4
DA:39,17
DA:41,2
DA:43,6
DA:46,2
DA:48,2
DA:49,2
DA:53,0
LF:17
LH:16
end_of_record
SF:lib\map_provider.dart
DA:29,0
DA:32,0
DA:34,0
DA:35,1
DA:36,1
DA:37,1
DA:40,0
DA:41,1
DA:42,1
DA:43,1
DA:46,2
DA:47,0
DA:49,1
DA:54,0
DA:55,0
DA:56,0
DA:59,0
DA:62,0
DA:63,0
DA:65,0
DA:66,0
DA:68,0
DA:69,0
DA:70,0
DA:71,0
DA:72,0
DA:80,0
DA:85,0
DA:87,0
DA:91,0
DA:94,0
DA:95,0
DA:103,0
DA:104,0
DA:106,0
DA:107,0
DA:108,0
DA:109,0
DA:110,0
DA:115,0
DA:117,0
DA:119,0
DA:123,0
DA:124,0
DA:125,0
DA:127,0
DA:128,0
DA:129,0
DA:130,0
DA:131,0
DA:139,0
DA:144,0
DA:148,0
DA:149,0
DA:150,0
DA:152,0
DA:153,0
DA:156,0
DA:157,0
DA:162,1
DA:163,2
DA:165,3
DA:167,0
DA:170,2
DA:172,1
DA:173,1
DA:174,4
DA:176,5
DA:181,2
DA:182,2
DA:183,5
DA:184,1
DA:185,1
DA:187,0
DA:192,0
DA:193,0
DA:195,0
DA:197,0
DA:198,0
DA:200,0
DA:201,0
DA:203,0
DA:204,0
DA:205,0
DA:206,0
DA:207,0
DA:208,0
DA:209,0
DA:210,0
DA:211,0
DA:213,0
DA:215,0
DA:216,0
DA:220,0
DA:223,0
DA:224,0
DA:225,0
DA:226,0
DA:228,0
DA:231,0
DA:233,0
DA:238,0
DA:239,0
DA:240,0
DA:244,0
DA:245,0
DA:247,0
DA:248,0
DA:249,0
DA:252,0
DA:255,0
DA:256,0
DA:257,0
DA:259,0
DA:265,0
DA:266,0
DA:268,0
DA:269,0
DA:270,0
DA:272,0
DA:273,0
DA:277,0
DA:278,0
DA:281,0
DA:282,0
DA:283,0
DA:284,0
DA:290,0
DA:292,0
DA:293,0
DA:294,0
DA:295,0
DA:296,0
DA:298,0
DA:301,0
DA:303,0
DA:304,0
DA:305,0
LF:138
LH:21
end_of_record
SF:lib\translation_provider.dart
DA:7,0
DA:8,0
DA:9,0
DA:10,0
DA:11,0
DA:12,0
DA:13,0
DA:14,0
DA:22,0
DA:23,0
DA:24,0
DA:26,0
LF:12
LH:0
end_of_record
SF:lib\services\sos.dart
DA:10,1
DA:13,0
DA:14,0
DA:17,0
DA:19,0
DA:20,0
DA:23,0
DA:24,0
DA:26,0
LF:9
LH:1
end_of_record
SF:lib\locale_provider.dart
DA:12,2
DA:14,1
DA:15,1
DA:18,1
DA:19,1
DA:20,1
DA:22,1
DA:23,2
DA:26,1
DA:27,1
DA:28,1
DA:30,1
DA:31,2
DA:32,4
DA:34,0
DA:36,1
LF:16
LH:15
end_of_record
SF:lib\main.dart
DA:20,0
DA:21,0
DA:24,0
DA:25,0
DA:26,0
DA:27,0
DA:29,0
DA:30,0
DA:32,0
DA:33,0
DA:34,0
DA:35,0
DA:36,0
DA:37,0
DA:38,0
DA:39,0
DA:40,0
DA:41,0
DA:44,0
DA:45,0
DA:46,0
DA:48,0
DA:50,0
DA:51,0
DA:52,0
DA:54,0
DA:55,0
DA:56,0
DA:57,0
DA:65,6
DA:67,1
DA:69,1
DA:71,1
DA:72,1
DA:73,1
DA:75,1
DA:76,1
DA:78,1
DA:86,5
DA:88,1
DA:90,3
DA:92,2
DA:95,1
DA:96,1
DA:100,1
DA:101,1
DA:104,0
DA:105,0
DA:107,0
DA:108,0
DA:115,1
DA:118,0
DA:120,0
DA:121,0
DA:123,1
DA:124,1
DA:125,1
DA:127,1
DA:129,1
DA:130,1
DA:132,1
DA:134,1
DA:135,1
DA:136,1
DA:137,2
DA:138,1
DA:140,1
LF:67
LH:31
end_of_record
SF:lib\features\settings_screen.dart
DA:13,6
DA:15,1
DA:16,1
DA:31,1
DA:33,1
DA:34,3
DA:35,1
DA:38,1
DA:40,2
DA:41,1
DA:43,1
DA:45,2
DA:46,2
DA:47,2
DA:48,3
DA:49,2
DA:52,1
DA:55,0
DA:59,1
DA:61,2
DA:62,1
DA:63,1
DA:64,1
DA:65,1
DA:66,1
DA:69,0
DA:73,0
DA:75,0
DA:77,0
DA:80,0
DA:82,0
DA:84,0
DA:87,0
DA:91,0
DA:93,0
DA:94,0
DA:97,0
DA:99,0
DA:100,0
DA:102,0
DA:104,0
DA:108,1
DA:109,2
DA:110,1
DA:112,1
DA:115,0
DA:116,0
DA:117,0
DA:118,0
DA:119,0
DA:121,0
DA:124,0
DA:125,0
DA:126,0
DA:128,0
DA:131,0
DA:132,0
DA:133,0
DA:134,0
DA:136,0
DA:137,0
DA:140,1
DA:142,1
DA:143,3
DA:144,1
DA:146,1
DA:149,1
DA:150,1
DA:155,1
DA:158,1
DA:160,1
DA:161,1
DA:165,1
DA:166,0
DA:168,0
DA:170,0
DA:171,0
DA:176,2
DA:179,1
DA:180,1
DA:182,1
DA:184,1
DA:185,1
DA:187,1
DA:188,1
DA:190,1
DA:191,1
DA:199,1
DA:201,1
DA:203,1
DA:204,1
DA:205,2
DA:206,1
DA:207,2
DA:213,1
DA:218,1
DA:219,1
DA:220,1
DA:221,2
DA:222,1
DA:223,1
DA:224,3
DA:226,0
DA:227,0
DA:229,1
DA:235,1
DA:237,1
DA:238,1
DA:239,3
DA:240,1
DA:241,1
DA:242,1
DA:247,1
DA:248,1
DA:251,2
DA:253,0
DA:254,0
DA:265,1
DA:266,1
DA:268,0
DA:270,0
DA:273,0
DA:274,0
DA:275,0
DA:278,0
DA:279,0
DA:283,0
DA:284,0
DA:286,0
DA:293,1
DA:294,1
DA:296,1
DA:299,1
DA:300,3
DA:301,1
DA:302,2
DA:305,1
DA:308,1
DA:309,1
DA:314,1
DA:315,1
DA:317,1
DA:318,1
DA:319,1
DA:320,1
DA:325,1
DA:327,1
DA:328,0
DA:330,0
DA:331,0
DA:333,3
DA:337,1
DA:338,1
DA:339,1
DA:342,1
DA:346,1
DA:347,1
DA:348,1
DA:351,1
LF:159
LH:105
end_of_record
SF:lib\theme_provider.dart
DA:6,1
DA:7,3
DA:9,1
DA:10,2
DA:11,1
LF:5
LH:5
end_of_record
SF:lib\widgetState_provider.dart
DA:11,1
DA:12,2
DA:13,1
DA:16,1
DA:17,2
LF:5
LH:5
end_of_record
