<?xml version="1.0" encoding="utf-8"?><testsuites><testsuite name="pytest" errors="0" failures="0" skipped="0" tests="14" time="27.041" timestamp="2025-01-23T10:08:10.972611+01:00" hostname="MSI"><testcase classname="tests.test_clustering" name="test_cluster_obj" time="0.002" /><testcase classname="tests.test_distance_calculation" name="test_calculate_distance_from_box" time="0.001" /><testcase classname="tests.test_image_description" name="test_describe" time="4.086" /><testcase classname="tests.test_main" name="test_list_services" time="0.020" /><testcase classname="tests.test_main" name="test_start_session" time="0.010" /><testcase classname="tests.test_main" name="test_end_session" time="0.012" /><testcase classname="tests.test_main" name="test_detect_objects" time="0.568" /><testcase classname="tests.test_main" name="test_describe_image" time="0.494" /><testcase classname="tests.test_main" name="test_count_money" time="0.466" /><testcase classname="tests.test_main" name="test_perform_ocr" time="3.711" /><testcase classname="tests.test_models" name="test_yolo_model" time="0.001" /><testcase classname="tests.test_money" name="test_money_counter" time="0.001" /><testcase classname="tests.test_ocr" name="test_ocr_model" time="3.194" /><testcase classname="tests.test_utils" name="test_save_and_remove_file" time="0.002" /></testsuite></testsuites>